<?xml version="1.0" encoding="UTF-8"?>
<!-- Generated by org.testng.reporters.JUnitReportReporter -->
<testsuite hostname="DESKTOP-9R6Q1BR" failures="0" tests="1" name="SeleniumUdemyLearning.StandAloneTestCopy" time="62.431" errors="0" timestamp="2024-10-06T17:32:40 IST" skipped="0">
  <testcase classname="SeleniumUdemyLearning.StandAloneTestCopy" name="submitOrder" time="62.431"/>
</testsuite> <!-- SeleniumUdemyLearning.StandAloneTestCopy -->
