<?xml version="1.0" encoding="UTF-8"?>
<!-- Generated by org.testng.reporters.JUnitReportReporter -->
<testsuite hostname="DESKTOP-9R6Q1BR" failures="0" tests="3" name="SeleniumUdemyLearning.ErrorValidations" time="99.600" errors="0" timestamp="2024-10-13T17:18:44 IST" skipped="1">
  <testcase classname="SeleniumUdemyLearning.ErrorValidations" name="LoginErrorValidation" time="23.249"/>
  <testcase classname="SeleniumUdemyLearning.ErrorValidations" name="productErrorValidation" time="42.254"/>
  <testcase classname="SeleniumUdemyLearning.ErrorValidations" name="LoginErrorValidation" time="34.097">
    <skipped/>
  </testcase> <!-- LoginErrorValidation -->
</testsuite> <!-- SeleniumUdemyLearning.ErrorValidations -->
