<?xml version="1.0" encoding="UTF-8"?>
<!-- Generated by org.testng.reporters.JUnitReportReporter -->
<testsuite hostname="DESKTOP-9R6Q1BR" failures="0" tests="3" name="SeleniumUdemyLearning.SubmitOrderTest" time="194.444" errors="0" timestamp="2024-10-09T18:34:18 IST" skipped="0">
  <testcase classname="SeleniumUdemyLearning.SubmitOrderTest" name="submitOrder" time="32.442"/>
  <testcase classname="SeleniumUdemyLearning.SubmitOrderTest" name="orderHistoryTest" time="24.618"/>
  <testcase classname="SeleniumUdemyLearning.SubmitOrderTest" name="submitOrder" time="137.384"/>
</testsuite> <!-- SeleniumUdemyLearning.SubmitOrderTest -->
